F:\FACETRACKER\DEBUG\FT_DETECT.OBJ
F:\FACETRACKER\DEBUG\FT_DRAW.OBJ
F:\FACETRACKER\DEBUG\FT_CONSOLE.OBJ
F:\FACETRACKER\DEBUG\FT_CONFIG.OBJ
F:\FACETRACKER\DEBUG\FT_LOG.OBJ
F:\FACETRACKER\DEBUG\FT_MAIN.OBJ
F:\FACETRACKER\DEBUG\FT_PARSER.OBJ
F:\FACETRACKER\DEBUG\FT_SECURE.OBJ
F:\FACETRACKER\DEBUG\FT_UTILS.OBJ
F:\FACETRACKER\DEBUG\VC110.PDB
F:\facetracker\Debug\ft_config.obj
F:\facetracker\Debug\ft_console.obj
F:\facetracker\Debug\ft_detect.obj
F:\facetracker\Debug\ft_draw.obj
F:\facetracker\Debug\ft_log.obj
F:\facetracker\Debug\ft_main.obj
F:\facetracker\Debug\ft_parser.obj
F:\facetracker\Debug\ft_secure.obj
F:\facetracker\Debug\ft_utils.obj
F:\facetracker\Debug\cl.command.1.tlog
F:\facetracker\Debug\CL.read.1.tlog
F:\facetracker\Debug\CL.write.1.tlog
F:\facetracker\Debug\link-cvtres.read.1.tlog
F:\facetracker\Debug\link-cvtres.write.1.tlog
F:\facetracker\Debug\link-rc.read.1.tlog
F:\facetracker\Debug\link-rc.write.1.tlog
F:\facetracker\Debug\link.1280-cvtres.read.1.tlog
F:\facetracker\Debug\link.1280-cvtres.write.1.tlog
F:\facetracker\Debug\link.1280-rc.read.1.tlog
F:\facetracker\Debug\link.1280-rc.write.1.tlog
F:\facetracker\Debug\link.1280.read.1.tlog
F:\facetracker\Debug\link.1280.write.1.tlog
F:\facetracker\Debug\link.1744-cvtres.read.1.tlog
F:\facetracker\Debug\link.1744-cvtres.write.1.tlog
F:\facetracker\Debug\link.1744-rc.read.1.tlog
F:\facetracker\Debug\link.1744-rc.write.1.tlog
F:\facetracker\Debug\link.1744.read.1.tlog
F:\facetracker\Debug\link.1744.write.1.tlog
F:\facetracker\Debug\link.1796-cvtres.read.1.tlog
F:\facetracker\Debug\link.1796-cvtres.write.1.tlog
F:\facetracker\Debug\link.1796-rc.read.1.tlog
F:\facetracker\Debug\link.1796-rc.write.1.tlog
F:\facetracker\Debug\link.1796.read.1.tlog
F:\facetracker\Debug\link.1796.write.1.tlog
F:\facetracker\Debug\link.3264.read.1.tlog
F:\facetracker\Debug\link.3264.write.1.tlog
F:\facetracker\Debug\link.5324-cvtres.read.1.tlog
F:\facetracker\Debug\link.5324-cvtres.write.1.tlog
F:\facetracker\Debug\link.5324-rc.read.1.tlog
F:\facetracker\Debug\link.5324-rc.write.1.tlog
F:\facetracker\Debug\link.5324.read.1.tlog
F:\facetracker\Debug\link.5324.write.1.tlog
F:\facetracker\Debug\link.5408-cvtres.read.1.tlog
F:\facetracker\Debug\link.5408-cvtres.write.1.tlog
F:\facetracker\Debug\link.5408-rc.read.1.tlog
F:\facetracker\Debug\link.5408-rc.write.1.tlog
F:\facetracker\Debug\link.5408.read.1.tlog
F:\facetracker\Debug\link.5408.write.1.tlog
F:\facetracker\Debug\link.6028-cvtres.read.1.tlog
F:\facetracker\Debug\link.6028-cvtres.write.1.tlog
F:\facetracker\Debug\link.6028-rc.read.1.tlog
F:\facetracker\Debug\link.6028-rc.write.1.tlog
F:\facetracker\Debug\link.6028.read.1.tlog
F:\facetracker\Debug\link.6028.write.1.tlog
F:\facetracker\Debug\link.command.1.tlog
F:\facetracker\Debug\link.read.1.tlog
F:\facetracker\Debug\link.write.1.tlog
F:\facetracker\Debug\vc110.idb
F:\facetracker\Debug\Facetracker.pdb
F:\facetracker\Debug\vc110.pdb
